<?xml version="1.0" encoding="UTF-8"?>
<!-- Generated by org.testng.reporters.JUnitReportReporter -->
<testsuite hostname="Brandons-MacBook-Pro.local" failures="0" tests="2" name="api_tests.TestNgDemo" time="9.235" errors="0" timestamp="2023-06-20T12:22:16 AST" skipped="0">
  <testcase classname="api_tests.TestNgDemo" name="uiTestDemo" time="9.233"/>
  <system-out/>
  <testcase classname="api_tests.TestNgDemo" name="assertionDemo" time="0.002"/>
  <system-out/>
</testsuite> <!-- api_tests.TestNgDemo -->
