<?xml version="1.0" encoding="UTF-8"?>
<!-- Generated by org.testng.reporters.JUnitReportReporter -->
<testsuite hostname="Brandons-MacBook-Pro.local" failures="0" tests="2" name="api_tests.PetStoreAPIs" time="3.594" errors="0" timestamp="2023-06-24T13:55:33 AST" skipped="0">
  <testcase classname="api_tests.PetStoreAPIs" name="findAPetByID_ChainValidation" time="0.703"/>
  <system-out/>
  <testcase classname="api_tests.PetStoreAPIs" name="createAPet" time="2.891"/>
  <system-out/>
</testsuite> <!-- api_tests.PetStoreAPIs -->
