<?xml version="1.0" encoding="UTF-8"?>
<!-- Generated by org.testng.reporters.JUnitReportReporter -->
<testsuite hostname="Brandons-MacBook-Pro.local" failures="0" tests="5" name="api_tests.CraterItems" time="5.836" errors="0" timestamp="2023-06-26T13:34:10 AST" skipped="0">
  <testcase classname="api_tests.CraterItems" name="getItem" time="0.971"/>
  <system-out/>
  <testcase classname="api_tests.CraterItems" name="deleteItem" time="0.393"/>
  <system-out/>
  <testcase classname="api_tests.CraterItems" name="login" time="2.543"/>
  <system-out/>
  <testcase classname="api_tests.CraterItems" name="createItem" time="1.007"/>
  <system-out/>
  <testcase classname="api_tests.CraterItems" name="updateItem" time="0.922"/>
  <system-out/>
</testsuite> <!-- api_tests.CraterItems -->
